2025-06-18 19:52:53,850 - INFO - No processed MARADMINs file found, creating new one
2025-06-18 19:52:53,854 - INFO - Loaded 3314 MCC codes from MCC.csv
2025-06-18 19:52:53,854 - INFO - Starting MARADMIN Alert System v2.0
2025-06-18 19:52:53,855 - INFO - Successfully loaded 147 contacts
2025-06-18 19:52:59,243 - INFO - patching driver executable C:\Users\samst\appdata\roaming\undetected_chromedriver\undetected_chromedriver.exe
2025-06-18 19:53:00,589 - INFO - Chrome driver initialized successfully
2025-06-18 19:53:00,589 - INFO - Checking RSS feed for new MARADMINs
2025-06-18 19:53:00,787 - INFO - Found 20 entries in RSS feed
2025-06-18 19:53:00,787 - INFO - Available MARADMINs in feed:
2025-06-18 19:53:00,787 - INFO - - REQUISITION ACCOUNTING REQUIREMENTS
2025-06-18 19:53:00,787 - INFO - - ANNOUNCEMENT OF FISCAL YEAR 2025 CAREER DESIGNATION PANEL 2 FOR ACTIVE COMPONENT MARINE CORPS OFFICERS
2025-06-18 19:53:00,787 - INFO - - UPDATE TO IMPLEMENTING POLICY ON PRIORITIZING MILITARY  EXCELLENCE AND READINESS
2025-06-18 19:53:00,787 - INFO - - FISCAL YEAR 2026 RECRUITING STATION COMMANDING OFFICER SELECTION BOARD RESULTS
2025-06-18 19:53:00,788 - INFO - - RESULTS FOR THE MARINE CORPS PERSONNEL ASSIGNED TO SERVICE ACADEMIES SLATING PANEL ACADEMIC YEAR 2026-2027
2025-06-18 19:53:00,788 - INFO - - MCRC COMPANY GRADE SELECTION PANEL FOR FISCAL YEAR 2026
2025-06-18 19:53:00,788 - INFO - - FISCAL YEAR 2026 MARINE BARRACKS WASHINGTON PANEL RESULTS
2025-06-18 19:53:00,788 - INFO - - FY25 2ND SEMI-ANNUAL SPECIAL DUTY ASSIGNMENT (SDA) MERITORIOUS PROMOTIONS
2025-06-18 19:53:00,788 - INFO - - FY25 MERITORIOUS PROMOTIONS FOR PRIOR SERVICE RECRUITER (PSR)  STAFF NONCOMMISSIONED OFFICERS
2025-06-18 19:53:00,788 - INFO - - FY24 SPECIAL TECHNICAL OPERATIONS PLANNER SELECTION PANEL  RESULTS
2025-06-18 19:53:00,788 - INFO - - AVAILABLE ARTIFICIAL INTELLIGENCE AND DATA MANAGEMENT TRAINING SOLUTIONS
2025-06-18 19:53:00,789 - INFO - - ACADEMIC YEAR 2026-2027 ADVANCED INTERMEDIATE LEVEL SCHOOL  APPLICATION MESSAGE
2025-06-18 19:53:00,789 - INFO - - SOLICITATION FOR NOMINATIONS TO THE FISCAL YEAR 2026  COMMANDANT’S PROFESSIONAL READING LIST
2025-06-18 19:53:00,789 - INFO - - CONVENING OF THE ACADEMIC YEAR 2026-27 RESERVE OFFICER PROFESSIONAL MILITARY EDUCATION BOARD
2025-06-18 19:53:00,789 - INFO - - CHANGE 2 TO THE CONVENING OF THE FISCAL YEAR 2026 (FY26) RESERVE COMMAND SCREENING BOARD (RCSB) AND RESERVE SENIOR LEADER BOARD (RSLB)
2025-06-18 19:53:00,789 - INFO - - FY26 CONGRESSIONAL FELLOWSHIP PROGRAM FOR OFFICERS AND STAFF NONCOMMISSIONED OFFICERS
2025-06-18 19:53:00,789 - INFO - - AWARDS UPDATE
2025-06-18 19:53:00,789 - INFO - - FISCAL YEAR 2026 COMMANDANT'S CAREER-LEVEL EDUCATION BOARD (CCLEB) ANNOUNCEMENT
2025-06-18 19:53:00,789 - INFO - - FISCAL YEAR 2026 COMMANDANT'S PROFESSIONAL INTERMEDIATE-LEVEL EDUCATION BOARD (CPIB) ANNOUNCEMENT
2025-06-18 19:53:00,789 - INFO - - FISCAL YEAR 2026 COMMANDANT'S EDUCATION BOARD OPT-IN PILOT PROGRAM
2025-06-18 19:53:00,790 - INFO - Found 0 new promotion MARADMINs to process
2025-06-18 19:53:00,790 - INFO - No new promotion MARADMINs found
2025-06-18 19:53:00,830 - INFO - Chrome driver closed
