2025-06-14 08:55:49,622 - INFO - Loaded 1 processed MARADMINs
2025-06-14 08:55:49,640 - INFO - Loaded 3314 MCC codes from MCC.csv
2025-06-14 08:55:49,640 - INFO - Starting MARADMIN Alert System v2.0
2025-06-14 08:55:49,640 - INFO - Successfully loaded 147 contacts
2025-06-14 08:55:50,424 - INFO - patching driver executable C:\Users\samst\appdata\roaming\undetected_chromedriver\undetected_chromedriver.exe
2025-06-14 08:55:51,529 - INFO - Chrome driver initialized successfully
2025-06-14 08:55:51,529 - INFO - Checking RSS feed for new MARADMINs
2025-06-14 08:55:51,706 - INFO - Found 10 entries in RSS feed
2025-06-14 08:55:51,706 - INFO - Available MARADMINs in feed:
2025-06-14 08:55:51,706 - INFO - - FY24 SPECIAL TECHNICAL OPERATIONS PLANNER SELECTION PANEL  RESULTS
2025-06-14 08:55:51,706 - INFO - - AVAILABLE ARTIFICIAL INTELLIGENCE AND DATA MANAGEMENT TRAINING SOLUTIONS
2025-06-14 08:55:51,706 - INFO - - ACADEMIC YEAR 2026-2027 ADVANCED INTERMEDIATE LEVEL SCHOOL  APPLICATION MESSAGE
2025-06-14 08:55:51,706 - INFO - - SOLICITATION FOR NOMINATIONS TO THE FISCAL YEAR 2026  COMMANDANT’S PROFESSIONAL READING LIST
2025-06-14 08:55:51,706 - INFO - - CONVENING OF THE ACADEMIC YEAR 2026-27 RESERVE OFFICER PROFESSIONAL MILITARY EDUCATION BOARD
2025-06-14 08:55:51,706 - INFO - - CHANGE 2 TO THE CONVENING OF THE FISCAL YEAR 2026 (FY26) RESERVE COMMAND SCREENING BOARD (RCSB) AND RESERVE SENIOR LEADER BOARD (RSLB)
2025-06-14 08:55:51,706 - INFO - - FY26 CONGRESSIONAL FELLOWSHIP PROGRAM FOR OFFICERS AND STAFF NONCOMMISSIONED OFFICERS
2025-06-14 08:55:51,706 - INFO - - AWARDS UPDATE
2025-06-14 08:55:51,706 - INFO - - FISCAL YEAR 2026 COMMANDANT'S CAREER-LEVEL EDUCATION BOARD (CCLEB) ANNOUNCEMENT
2025-06-14 08:55:51,706 - INFO - - FISCAL YEAR 2026 COMMANDANT'S PROFESSIONAL INTERMEDIATE-LEVEL EDUCATION BOARD (CPIB) ANNOUNCEMENT
2025-06-14 08:55:51,706 - INFO - Found 0 new promotion MARADMINs to process
2025-06-14 08:55:51,713 - INFO - No new promotion MARADMINs found
2025-06-14 08:55:51,848 - INFO - Chrome driver closed
