2025-06-18 19:37:57,337 - INFO - Loaded 0 processed MARADMINs
2025-06-18 19:37:57,341 - INFO - Loaded 3314 MCC codes from MCC.csv
2025-06-18 19:37:57,341 - INFO - Starting MARADMIN Alert System v2.0
2025-06-18 19:37:57,342 - INFO - Successfully loaded 147 contacts
2025-06-18 19:38:02,812 - INFO - patching driver executable C:\Users\samst\appdata\roaming\undetected_chromedriver\undetected_chromedriver.exe
2025-06-18 19:38:04,488 - INFO - Chrome driver initialized successfully
2025-06-18 19:38:04,489 - INFO - Checking RSS feed for new MARADMINs
2025-06-18 19:38:04,689 - INFO - Found 10 entries in RSS feed
2025-06-18 19:38:04,690 - INFO - Available MARADMINs in feed:
2025-06-18 19:38:04,690 - INFO - - REQUISITION ACCOUNTING REQUIREMENTS
2025-06-18 19:38:04,690 - INFO - - ANNOUNCEMENT OF FISCAL YEAR 2025 CAREER DESIGNATION PANEL 2 FOR ACTIVE COMPONENT MARINE CORPS OFFICERS
2025-06-18 19:38:04,690 - INFO - - UPDATE TO IMPLEMENTING POLICY ON PRIORITIZING MILITARY  EXCELLENCE AND READINESS
2025-06-18 19:38:04,690 - INFO - - FISCAL YEAR 2026 RECRUITING STATION COMMANDING OFFICER SELECTION BOARD RESULTS
2025-06-18 19:38:04,690 - INFO - - RESULTS FOR THE MARINE CORPS PERSONNEL ASSIGNED TO SERVICE ACADEMIES SLATING PANEL ACADEMIC YEAR 2026-2027
2025-06-18 19:38:04,691 - INFO - - MCRC COMPANY GRADE SELECTION PANEL FOR FISCAL YEAR 2026
2025-06-18 19:38:04,691 - INFO - - FISCAL YEAR 2026 MARINE BARRACKS WASHINGTON PANEL RESULTS
2025-06-18 19:38:04,691 - INFO - - FY25 2ND SEMI-ANNUAL SPECIAL DUTY ASSIGNMENT (SDA) MERITORIOUS PROMOTIONS
2025-06-18 19:38:04,691 - INFO - - FY25 MERITORIOUS PROMOTIONS FOR PRIOR SERVICE RECRUITER (PSR)  STAFF NONCOMMISSIONED OFFICERS
2025-06-18 19:38:04,691 - INFO - - FY24 SPECIAL TECHNICAL OPERATIONS PLANNER SELECTION PANEL  RESULTS
2025-06-18 19:38:04,691 - INFO - Found 0 new promotion MARADMINs to process
2025-06-18 19:38:04,691 - INFO - No new promotion MARADMINs found
2025-06-18 19:38:04,733 - INFO - Chrome driver closed
