2025-06-14 08:49:54,649 - INFO - Loaded 1 processed MARADMINs
2025-06-14 08:49:54,649 - ERROR - Error loading MCC lookup: [Errno 2] No such file or directory: 'Maradmin-Alert\\MCC Codes.csv'
2025-06-14 08:49:54,649 - INFO - Starting MARADMIN Alert System v2.0
2025-06-14 08:49:54,649 - INFO - Successfully loaded 147 contacts
2025-06-14 08:49:55,498 - INFO - patching driver executable C:\Users\samst\appdata\roaming\undetected_chromedriver\undetected_chromedriver.exe
2025-06-14 08:49:57,146 - INFO - Chrome driver initialized successfully
2025-06-14 08:49:57,146 - INFO - Checking RSS feed for new MARADMINs
2025-06-14 08:49:57,317 - INFO - Found 10 entries in RSS feed
2025-06-14 08:49:57,317 - INFO - Available MARADMINs in feed:
2025-06-14 08:49:57,317 - INFO - - FY24 SPECIAL TECHNICAL OPERATIONS PLANNER SELECTION PANEL  RESULTS
2025-06-14 08:49:57,317 - INFO - - AVAILABLE ARTIFICIAL INTELLIGENCE AND DATA MANAGEMENT TRAINING SOLUTIONS
2025-06-14 08:49:57,317 - INFO - - ACADEMIC YEAR 2026-2027 ADVANCED INTERMEDIATE LEVEL SCHOOL  APPLICATION MESSAGE
2025-06-14 08:49:57,317 - INFO - - SOLICITATION FOR NOMINATIONS TO THE FISCAL YEAR 2026  COMMANDANT’S PROFESSIONAL READING LIST
2025-06-14 08:49:57,317 - INFO - - CONVENING OF THE ACADEMIC YEAR 2026-27 RESERVE OFFICER PROFESSIONAL MILITARY EDUCATION BOARD
2025-06-14 08:49:57,319 - INFO - - CHANGE 2 TO THE CONVENING OF THE FISCAL YEAR 2026 (FY26) RESERVE COMMAND SCREENING BOARD (RCSB) AND RESERVE SENIOR LEADER BOARD (RSLB)
2025-06-14 08:49:57,319 - INFO - - FY26 CONGRESSIONAL FELLOWSHIP PROGRAM FOR OFFICERS AND STAFF NONCOMMISSIONED OFFICERS
2025-06-14 08:49:57,319 - INFO - - AWARDS UPDATE
2025-06-14 08:49:57,319 - INFO - - FISCAL YEAR 2026 COMMANDANT'S CAREER-LEVEL EDUCATION BOARD (CCLEB) ANNOUNCEMENT
2025-06-14 08:49:57,319 - INFO - - FISCAL YEAR 2026 COMMANDANT'S PROFESSIONAL INTERMEDIATE-LEVEL EDUCATION BOARD (CPIB) ANNOUNCEMENT
2025-06-14 08:49:57,319 - ERROR - Error checking RSS feed: 'titles_of_interest'
2025-06-14 08:49:57,319 - INFO - No new promotion MARADMINs found
2025-06-14 08:49:57,517 - INFO - Chrome driver closed
