2025-06-25 07:33:03,184 - INFO - Loaded 18 processed MARADMINs
2025-06-25 07:33:03,191 - INFO - Loaded 3314 MCC codes from MCC.csv
2025-06-25 07:33:03,191 - INFO - Starting MARADMIN Alert System v2.0
2025-06-25 07:33:03,192 - INFO - Successfully loaded 147 contacts
2025-06-25 07:33:06,184 - INFO - patching driver executable C:\Users\samst\appdata\roaming\undetected_chromedriver\undetected_chromedriver.exe
2025-06-25 07:33:07,492 - INFO - Chrome driver initialized successfully
2025-06-25 07:33:07,492 - INFO - Checking RSS feed for new MARADMINs
2025-06-25 07:33:11,426 - INFO - Found 20 entries in RSS feed
2025-06-25 07:33:11,427 - INFO - Available MARADMINs in feed:
2025-06-25 07:33:11,427 - INFO - - JULY 2025 ACTIVE-DUTY CORPORAL AND SERGEANT PROMOTION  AUTHORITY
2025-06-25 07:33:11,427 - INFO - - JULY 2025 SELECTED MARINE CORPS RESERVE (SMCR), INDIVIDUAL  READY RESERVE (IRR), AND ACTIVE RESERVE (AR) CORPORAL AND SERGEANT  PROMOTION AUTHORITY
2025-06-25 07:33:11,427 - INFO - - JULY 2025 PROMOTIONS FOR STAFF NONCOMMISSIONED OFFICERS (SNCOS) AND AUGUST 2025 PLANNED PROMOTIONS FOR SNCOS
2025-06-25 07:33:11,428 - INFO - - 1STLT PROMOTIONS FOR JULY 2025
2025-06-25 07:33:11,428 - INFO - - OFFICER PROMOTIONS FOR JULY 2025 AND PROJECTED OFFICER PROMOTIONS FOR AUGUST 2025
2025-06-25 07:33:11,428 - INFO - - ACADEMIC YEAR 2026 CLASS DATES FOR THE ENLISTED COLLEGE DISTANCE EDUCATION PROGRAM WEEKEND SEMINARS
2025-06-25 07:33:11,428 - INFO - - ACTIVE RESERVE (AR) FISCAL YEAR 2026 (FY26) TOTAL FORCE  INTEGRATION STAFF TRAINING (TFIST) CONTINUUM COURSE DATES
2025-06-25 07:33:11,428 - INFO - - ANNOUNCEMENT OF THE FY 2025 MARINE CORPS ENLISTED AIDE OF THE YEAR AWARD WINNER NMOS 3372
2025-06-25 07:33:11,429 - INFO - - FISCAL YEAR 2026 OFFICIAL REPRESENTATION FUNDS
2025-06-25 07:33:11,429 - INFO - - RESULTS OF THE ACADEMIC YEAR 25 TRAINING AND EDUCATION COMMAND INSTRUCTOR OF THE YEAR AWARDS PROGRAM AND CEREMONY CONDUCT
2025-06-25 07:33:11,429 - INFO - - SOLICITATION OF QUALIFIED MARINES FOR THE JOINT SPECIAL  OPERATIONS COMMAND INTELLIGENCE BRIGADE
2025-06-25 07:33:11,429 - INFO - - FY25 SOLICITATION OF QUALIFIED MARINES FOR THE JOINT  COMMUNICATIONS UNIT
2025-06-25 07:33:11,429 - INFO - - ANNOUNCEMENT OF THE FISCAL YEAR 2026 FIRST SERGEANTS SCHOOL CID M02L645
2025-06-25 07:33:11,429 - INFO - - REQUISITION ACCOUNTING REQUIREMENTS
2025-06-25 07:33:11,429 - INFO - - ANNOUNCEMENT OF FISCAL YEAR 2025 CAREER DESIGNATION PANEL 2 FOR ACTIVE COMPONENT MARINE CORPS OFFICERS
2025-06-25 07:33:11,429 - INFO - - UPDATE TO IMPLEMENTING POLICY ON PRIORITIZING MILITARY  EXCELLENCE AND READINESS
2025-06-25 07:33:11,429 - INFO - - FISCAL YEAR 2026 RECRUITING STATION COMMANDING OFFICER SELECTION BOARD RESULTS
2025-06-25 07:33:11,430 - INFO - - RESULTS FOR THE MARINE CORPS PERSONNEL ASSIGNED TO SERVICE ACADEMIES SLATING PANEL ACADEMIC YEAR 2026-2027
2025-06-25 07:33:11,430 - INFO - - MCRC COMPANY GRADE SELECTION PANEL FOR FISCAL YEAR 2026
2025-06-25 07:33:11,430 - INFO - - FISCAL YEAR 2026 MARINE BARRACKS WASHINGTON PANEL RESULTS
2025-06-25 07:33:11,430 - INFO - Found 0 new promotion MARADMINs to process
2025-06-25 07:33:11,430 - INFO - No new promotion MARADMINs found
2025-06-25 07:33:11,649 - INFO - Chrome driver closed
