2025-05-31 08:52:28,893 - INFO - Loaded 0 processed MARADMINs
2025-05-31 08:52:28,893 - INFO - Starting MARADMIN Alert System v2.0
2025-05-31 08:52:28,893 - INFO - Successfully loaded 146 contacts
2025-05-31 08:52:30,893 - INFO - patching driver executable C:\Users\samst\appdata\roaming\undetected_chromedriver\undetected_chromedriver.exe
2025-05-31 08:52:32,031 - INFO - Chrome driver initialized successfully
2025-05-31 08:52:32,031 - INFO - Checking RSS feed for new MARADMINs
2025-05-31 08:52:32,212 - INFO - Found 10 entries in RSS feed
2025-05-31 08:52:32,212 - INFO - Available MARADMINs in feed:
2025-05-31 08:52:32,212 - INFO - - CONVENING OF THE FY27 U.S. MARINE CORPS RESERVE MAJOR GENERAL AND BRIGADIER GENERAL PROMOTION SELECTION BOARDS
2025-05-31 08:52:32,212 - INFO - - CONVENING OF THE FY27 U.S. MARINE CORPS MAJOR GENERAL AND  BRIGADIER GENERAL PROMOTION SELECTION BOARDS
2025-05-31 08:52:32,212 - INFO - - FY25 CHEMICAL, BIOLOGICAL, RADIOLOGICAL, NUCLEAR DEFENSE (CBRND) OPERATIONAL ADVISORY GROUP (OAG) CALLING MESSAGE
2025-05-31 08:52:32,212 - INFO - - FY 2025 APPROVED SELECTIONS TO STAFF SERGEANT
2025-05-31 08:52:32,212 - INFO - - UPDATE TO THE ARMED FORCES CLASSIFICATION TEST RETEST REQUEST PROCESS
2025-05-31 08:52:32,212 - INFO - - PLANNING AND EXECUTION OF THE 2025 MARINE CORPS MARATHON
2025-05-31 08:52:32,214 - INFO - - NOTIFICATION OF FISCAL YEAR 2026 MERGER OF PRIMARY MILITARY OCCUPATIONAL SPECIALTY (PMOS) 7236 AND 7242 TO 7240 AND 7208 AND 7210 TO 7209
2025-05-31 08:52:32,214 - INFO - - OFFICER PROMOTIONS FOR JUNE 2025 AND PROJECTED OFFICER PROMOTIONS FOR JULY 2025
2025-05-31 08:52:32,214 - INFO - - PHASE III SPECIAL DUTY ASSIGNMENTS OPPORTUNITIES BRIEF ROADSHOW
2025-05-31 08:52:32,214 - INFO - - 2025 MARINE CORPS 101 CRITICAL DAYS OF SUMMER SAFETY MESSAGE
2025-05-31 08:52:32,214 - INFO - Found 0 new promotion MARADMINs to process
2025-05-31 08:52:32,214 - INFO - No new promotion MARADMINs found
2025-05-31 08:52:32,357 - INFO - Chrome driver closed
