2025-05-31 08:41:19,578 - INFO - Loaded 0 processed MARADMINs
2025-05-31 08:41:19,578 - INFO - Starting MARADMIN Alert System v2.0
2025-05-31 08:41:19,594 - INFO - Successfully loaded 146 contacts
2025-05-31 08:41:20,339 - INFO - patching driver executable C:\Users\samst\appdata\roaming\undetected_chromedriver\undetected_chromedriver.exe
2025-05-31 08:41:21,589 - INFO - Chrome driver initialized successfully
2025-05-31 08:41:21,589 - INFO - Checking RSS feed for new MARADMINs
2025-05-31 08:41:21,849 - INFO - Found 10 entries in RSS feed
2025-05-31 08:41:21,850 - INFO - Found 2 new promotion MARADMINs to process
2025-05-31 08:41:21,850 - INFO - Processing MARADMIN: FY 2025 APPROVED SELECTIONS TO STAFF SERGEANT
2025-05-31 08:41:21,850 - INFO - Loading page: https://www.marines.mil/News/Messages/Messages-Display/Article/4201893/fy-2025-approved-selections-to-staff-sergeant/
2025-05-31 08:41:22,582 - INFO - Successfully extracted 165752 characters from page
2025-05-31 08:41:22,652 - INFO - Match found: KING, LAURA (confidence: 96%) matched with: KING           L  4821/  461/143   KING           PM 4591/ 2629/098
2025-05-31 08:41:22,742 - INFO - Match found: SANCHEZ, ANTONIO (confidence: 96%) matched with: SANCHEZ        AM 2651/ 4141/1F2   SANCHEZ        A  0369/  698/1DX
2025-05-31 08:41:23,180 - INFO - Match found: SANCHEZ, REINALDO (confidence: 96%) matched with: SANCHEZ        PT 2147/ 3911/1LJ   SANCHEZ        R  0369/  597/950
2025-05-31 08:41:25,234 - INFO - Processing MARADMIN: OFFICER PROMOTIONS FOR JUNE 2025 AND PROJECTED OFFICER PROMOTIONS FOR JULY 2025
2025-05-31 08:41:25,234 - INFO - Loading page: https://www.marines.mil/News/Messages/Messages-Display/Article/4195763/officer-promotions-for-june-2025-and-projected-officer-promotions-for-july-2025/
2025-05-31 08:41:25,475 - INFO - Successfully extracted 21975 characters from page
2025-05-31 08:41:27,640 - INFO - Processed MARADMINs saved successfully
2025-05-31 08:41:27,640 - INFO - Processing complete:
2025-05-31 08:41:27,640 - INFO - - Processed 2 new MARADMINs
2025-05-31 08:41:27,640 - INFO - - Found 3 total matches
2025-05-31 08:41:27,640 - INFO - Matches found:
2025-05-31 08:41:27,640 - INFO -   - KING, LAURA (confidence: 96%)
2025-05-31 08:41:27,640 - INFO -   - SANCHEZ, ANTONIO (confidence: 96%)
2025-05-31 08:41:27,640 - INFO -   - SANCHEZ, REINALDO (confidence: 96%)
2025-05-31 08:41:27,956 - INFO - Chrome driver closed
